<?xml version="1.0" encoding="UTF-8"?>
<testsuite name="FishTest" tests="6" skipped="0" failures="0" errors="0" timestamp="2024-11-15T14:26:40" hostname="DESKTOP-GLLCAO7" time="10.245">
  <properties/>
  <testcase name="checkMethodWithSentenceAndJson()" classname="FishTest" time="2.992"/>
  <testcase name="checkMethodWithSentence()" classname="FishTest" time="1.416"/>
  <testcase name="checkMethodWithParagraphAndJson()" classname="FishTest" time="1.531"/>
  <testcase name="checkMethodWithTitleAndJson()" classname="FishTest" time="1.428"/>
  <testcase name="checkMethodWithParagraph()" classname="FishTest" time="1.455"/>
  <testcase name="checkMethodWithTitle()" classname="FishTest" time="1.416"/>
  <system-out><![CDATA[Request method:	GET
Request URI:	https://fish-text.ru/get?type=sentence&number=2&format=json
Proxy:			<none>
Request params:	<none>
Query params:	<none>
Form params:	type=sentence
				number=2
				format=json
Path params:	<none>
Headers:		Accept=*/*
				Content-Type=application/x-www-form-urlencoded; charset=ISO-8859-1
Cookies:		<none>
Multiparts:		<none>
Body:			<none>
HTTP/1.1 200 OK
Server: nginx
Date: Fri, 15 Nov 2024 14:26:41 GMT
Content-Type: text/html; charset=utf-8
Content-Length: 361
Connection: keep-alive
Expires: Thu, 19 Nov 1981 08:52:00 GMT
Cache-Control: no-store, no-cache, must-revalidate
Pragma: no-cache
Access-Control-Allow-Origin: *
Access-Control-Allow-Credentials: true
Access-Control-Allow-Methods: GET
Set-Cookie: PHPSESSID=tc2h0pnkbbsvjt51h66q88dqgj; path=/
Vary: Accept-Encoding
Content-Encoding: gzip
Strict-Transport-Security: max-age=31536000;

<html>
  <body>{"status":"success","text":"\u0410 \u0435\u0449\u0451 \u0434\u0438\u0430\u0433\u0440\u0430\u043c\u043c\u044b \u0441\u0432\u044f\u0437\u0435\u0439 \u043f\u0440\u0438\u0437\u044b\u0432\u0430\u044e\u0442 \u043d\u0430\u0441 \u043a \u043d\u043e\u0432\u044b\u043c \u0441\u0432\u0435\u0440\u0448\u0435\u043d\u0438\u044f\u043c, \u043a\u043e\u0442\u043e\u0440\u044b\u0435, \u0432 \u0441\u0432\u043e\u044e \u043e\u0447\u0435\u0440\u0435\u0434\u044c, \u0434\u043e\u043b\u0436\u043d\u044b \u0431\u044b\u0442\u044c \u043e\u043f\u0438\u0441\u0430\u043d\u044b \u043c\u0430\u043a\u0441\u0438\u043c\u0430\u043b\u044c\u043d\u043e \u043f\u043e\u0434\u0440\u043e\u0431\u043d\u043e. \u0415\u0441\u0442\u044c \u043d\u0430\u0434 \u0447\u0435\u043c \u0437\u0430\u0434\u0443\u043c\u0430\u0442\u044c\u0441\u044f: \u043f\u0440\u0435\u0434\u0441\u0442\u0430\u0432\u0438\u0442\u0435\u043b\u0438 \u0441\u043e\u0432\u0440\u0435\u043c\u0435\u043d\u043d\u044b\u0445 \u0441\u043e\u0446\u0438\u0430\u043b\u044c\u043d\u044b\u0445 \u0440\u0435\u0437\u0435\u0440\u0432\u043e\u0432 \u0431\u0443\u0434\u0443\u0442 \u043e\u0431\u044a\u044f\u0432\u043b\u0435\u043d\u044b \u043d\u0430\u0440\u0443\u0448\u0430\u044e\u0449\u0438\u043c\u0438 \u043e\u0431\u0449\u0435\u0447\u0435\u043b\u043e\u0432\u0435\u0447\u0435\u0441\u043a\u0438\u0435 \u043d\u043e\u0440\u043c\u044b \u044d\u0442\u0438\u043a\u0438 \u0438 \u043c\u043e\u0440\u0430\u043b\u0438."}</body>
</html>
Request method:	GET
Request URI:	https://fish-text.ru/get?type=sentence&number=2&format=html
Proxy:			<none>
Request params:	<none>
Query params:	<none>
Form params:	type=sentence
				number=2
				format=html
Path params:	<none>
Headers:		Accept=*/*
				Content-Type=application/x-www-form-urlencoded; charset=ISO-8859-1
Cookies:		<none>
Multiparts:		<none>
Body:			<none>
HTTP/1.1 200 OK
Server: nginx
Date: Fri, 15 Nov 2024 14:26:43 GMT
Content-Type: text/html; charset=utf-8
Content-Length: 383
Connection: keep-alive
Expires: Thu, 19 Nov 1981 08:52:00 GMT
Cache-Control: no-store, no-cache, must-revalidate
Pragma: no-cache
Access-Control-Allow-Origin: *
Access-Control-Allow-Credentials: true
Access-Control-Allow-Methods: GET
Set-Cookie: PHPSESSID=rfleh955t2dlsj29if3vt9hpve; path=/
Vary: Accept-Encoding
Content-Encoding: gzip
Strict-Transport-Security: max-age=31536000;

<html>
  <body>
    <p>Картельные сговоры не допускают ситуации, при которой некоторые особенности внутренней политики, превозмогая сложившуюся непростую экономическую ситуацию, объявлены нарушающими общечеловеческие нормы этики и морали. Как уже неоднократно упомянуто, представители современных социальных резервов, превозмогая сложившуюся непростую экономическую ситуацию, превращены в посмешище, хотя само их существование приносит несомненную пользу обществу.</p>
  </body>
</html>
Request method:	GET
Request URI:	https://fish-text.ru/get?type=paragraph&number=3&format=json
Proxy:			<none>
Request params:	<none>
Query params:	<none>
Form params:	type=paragraph
				number=3
				format=json
Path params:	<none>
Headers:		Accept=*/*
				Content-Type=application/x-www-form-urlencoded; charset=ISO-8859-1
Cookies:		<none>
Multiparts:		<none>
Body:			<none>
HTTP/1.1 200 OK
Server: nginx
Date: Fri, 15 Nov 2024 14:26:45 GMT
Content-Type: text/html; charset=utf-8
Content-Length: 1728
Connection: keep-alive
Expires: Thu, 19 Nov 1981 08:52:00 GMT
Cache-Control: no-store, no-cache, must-revalidate
Pragma: no-cache
Access-Control-Allow-Origin: *
Access-Control-Allow-Credentials: true
Access-Control-Allow-Methods: GET
Set-Cookie: PHPSESSID=51pjlb7lgjh2lqbbqf0r50onro; path=/
Vary: Accept-Encoding
Content-Encoding: gzip
Strict-Transport-Security: max-age=31536000;

<html>
  <body>{"status":"success","text":"\u0421\u043b\u0435\u0434\u0443\u0435\u0442 \u043e\u0442\u043c\u0435\u0442\u0438\u0442\u044c, \u0447\u0442\u043e \u0432\u044b\u0441\u043e\u043a\u043e\u0435 \u043a\u0430\u0447\u0435\u0441\u0442\u0432\u043e \u043f\u043e\u0437\u0438\u0446\u0438\u043e\u043d\u043d\u044b\u0445 \u0438\u0441\u0441\u043b\u0435\u0434\u043e\u0432\u0430\u043d\u0438\u0439, \u0430 \u0442\u0430\u043a\u0436\u0435 \u0441\u0432\u0435\u0436\u0438\u0439 \u0432\u0437\u0433\u043b\u044f\u0434 \u043d\u0430 \u043f\u0440\u0438\u0432\u044b\u0447\u043d\u044b\u0435 \u0432\u0435\u0449\u0438 \u2014 \u0431\u0435\u0437\u0443\u0441\u043b\u043e\u0432\u043d\u043e \u043e\u0442\u043a\u0440\u044b\u0432\u0430\u0435\u0442 \u043d\u043e\u0432\u044b\u0435 \u0433\u043e\u0440\u0438\u0437\u043e\u043d\u0442\u044b \u0434\u043b\u044f \u043d\u0430\u043f\u0440\u0430\u0432\u043b\u0435\u043d\u0438\u0439 \u043f\u0440\u043e\u0433\u0440\u0435\u0441\u0441\u0438\u0432\u043d\u043e\u0433\u043e \u0440\u0430\u0437\u0432\u0438\u0442\u0438\u044f. \u0415\u0441\u0442\u044c \u043d\u0430\u0434 \u0447\u0435\u043c \u0437\u0430\u0434\u0443\u043c\u0430\u0442\u044c\u0441\u044f: \u043f\u0440\u0435\u0434\u0441\u0442\u0430\u0432\u0438\u0442\u0435\u043b\u0438 \u0441\u043e\u0432\u0440\u0435\u043c\u0435\u043d\u043d\u044b\u0445 \u0441\u043e\u0446\u0438\u0430\u043b\u044c\u043d\u044b\u0445 \u0440\u0435\u0437\u0435\u0440\u0432\u043e\u0432 \u0431\u0443\u0434\u0443\u0442 \u0440\u0430\u0441\u0441\u043c\u043e\u0442\u0440\u0435\u043d\u044b \u0438\u0441\u043a\u043b\u044e\u0447\u0438\u0442\u0435\u043b\u044c\u043d\u043e \u0432 \u0440\u0430\u0437\u0440\u0435\u0437\u0435 \u043c\u0430\u0440\u043a\u0435\u0442\u0438\u043d\u0433\u043e\u0432\u044b\u0445 \u0438 \u0444\u0438\u043d\u0430\u043d\u0441\u043e\u0432\u044b\u0445 \u043f\u0440\u0435\u0434\u043f\u043e\u0441\u044b\u043b\u043e\u043a. \u041d\u043e \u0438\u043d\u0442\u0435\u0440\u0430\u043a\u0442\u0438\u0432\u043d\u044b\u0435 \u043f\u0440\u043e\u0442\u043e\u0442\u0438\u043f\u044b \u043d\u0430\u0431\u0438\u0440\u0430\u044e\u0442 \u043f\u043e\u043f\u0443\u043b\u044f\u0440\u043d\u043e\u0441\u0442\u044c \u0441\u0440\u0435\u0434\u0438 \u043e\u043f\u0440\u0435\u0434\u0435\u043b\u0435\u043d\u043d\u044b\u0445 \u0441\u043b\u043e\u0435\u0432 \u043d\u0430\u0441\u0435\u043b\u0435\u043d\u0438\u044f, \u0430 \u0437\u043d\u0430\u0447\u0438\u0442, \u0434\u043e\u043b\u0436\u043d\u044b \u0431\u044b\u0442\u044c \u043f\u0440\u0435\u0434\u0430\u043d\u044b \u0441\u043e\u0446\u0438\u0430\u043b\u044c\u043d\u043e-\u0434\u0435\u043c\u043e\u043a\u0440\u0430\u0442\u0438\u0447\u0435\u0441\u043a\u043e\u0439 \u0430\u043d\u0430\u0444\u0435\u043c\u0435. \u041e\u0434\u043d\u043e\u0437\u043d\u0430\u0447\u043d\u043e, \u043a\u043b\u044e\u0447\u0435\u0432\u044b\u0435 \u043e\u0441\u043e\u0431\u0435\u043d\u043d\u043e\u0441\u0442\u0438 \u0441\u0442\u0440\u0443\u043a\u0442\u0443\u0440\u044b \u043f\u0440\u043e\u0435\u043a\u0442\u0430 \u0431\u0443\u0434\u0443\u0442 \u0440\u0430\u0437\u043e\u0431\u043b\u0430\u0447\u0435\u043d\u044b. \u041f\u0440\u0438\u044f\u0442\u043d\u043e, \u0433\u0440\u0430\u0436\u0434\u0430\u043d\u0435, \u043d\u0430\u0431\u043b\u044e\u0434\u0430\u0442\u044c, \u043a\u0430\u043a \u0438\u043d\u0442\u0435\u0440\u0430\u043a\u0442\u0438\u0432\u043d\u044b\u0435 \u043f\u0440\u043e\u0442\u043e\u0442\u0438\u043f\u044b \u044f\u0432\u043b\u044f\u044e\u0442\u0441\u044f \u0442\u043e\u043b\u044c\u043a\u043e \u043c\u0435\u0442\u043e\u0434\u043e\u043c \u043f\u043e\u043b\u0438\u0442\u0438\u0447\u0435\u0441\u043a\u043e\u0433\u043e \u0443\u0447\u0430\u0441\u0442\u0438\u044f \u0438 \u043e\u0431\u043d\u0430\u0440\u043e\u0434\u043e\u0432\u0430\u043d\u044b. \u041f\u0440\u0438\u043d\u0438\u043c\u0430\u044f \u0432\u043e \u0432\u043d\u0438\u043c\u0430\u043d\u0438\u0435 \u043f\u043e\u043a\u0430\u0437\u0430\u0442\u0435\u043b\u0438 \u0443\u0441\u043f\u0435\u0448\u043d\u043e\u0441\u0442\u0438, \u043a\u0443\u0440\u0441 \u043d\u0430 \u0441\u043e\u0446\u0438\u0430\u043b\u044c\u043d\u043e-\u043e\u0440\u0438\u0435\u043d\u0442\u0438\u0440\u043e\u0432\u0430\u043d\u043d\u044b\u0439 \u043d\u0430\u0446\u0438\u043e\u043d\u0430\u043b\u044c\u043d\u044b\u0439 \u043f\u0440\u043e\u0435\u043a\u0442 \u0441\u043f\u043e\u0441\u043e\u0431\u0441\u0442\u0432\u0443\u0435\u0442 \u043f\u043e\u0434\u0433\u043e\u0442\u043e\u0432\u043a\u0435 \u0438 \u0440\u0435\u0430\u043b\u0438\u0437\u0430\u0446\u0438\u0438 \u0431\u043b\u0430\u0433\u043e\u043f\u0440\u0438\u044f\u0442\u043d\u044b\u0445 \u043f\u0435\u0440\u0441\u043f\u0435\u043a\u0442\u0438\u0432.\\n\\n\u0421\u043e\u0432\u0440\u0435\u043c\u0435\u043d\u043d\u044b\u0435 \u0442\u0435\u0445\u043d\u043e\u043b\u043e\u0433\u0438\u0438 \u0434\u043e\u0441\u0442\u0438\u0433\u043b\u0438 \u0442\u0430\u043a\u043e\u0433\u043e \u0443\u0440\u043e\u0432\u043d\u044f, \u0447\u0442\u043e \u043d\u0430\u0447\u0430\u043b\u043e \u043f\u043e\u0432\u0441\u0435\u0434\u043d\u0435\u0432\u043d\u043e\u0439 \u0440\u0430\u0431\u043e\u0442\u044b \u043f\u043e \u0444\u043e\u0440\u043c\u0438\u0440\u043e\u0432\u0430\u043d\u0438\u044e \u043f\u043e\u0437\u0438\u0446\u0438\u0438 \u0442\u0440\u0435\u0431\u0443\u0435\u0442 \u043e\u0442 \u043d\u0430\u0441 \u0430\u043d\u0430\u043b\u0438\u0437\u0430 \u0441\u0438\u0441\u0442\u0435\u043c\u044b \u043e\u0431\u0443\u0447\u0435\u043d\u0438\u044f \u043a\u0430\u0434\u0440\u043e\u0432, \u0441\u043e\u043e\u0442\u0432\u0435\u0442\u0441\u0442\u0432\u0443\u044e\u0449\u0435\u0439 \u043d\u0430\u0441\u0443\u0449\u043d\u044b\u043c \u043f\u043e\u0442\u0440\u0435\u0431\u043d\u043e\u0441\u0442\u044f\u043c. \u042f\u0432\u043b\u044f\u044f\u0441\u044c \u0432\u0441\u0435\u0433\u043e \u043b\u0438\u0448\u044c \u0447\u0430\u0441\u0442\u044c\u044e \u043e\u0431\u0449\u0435\u0439 \u043a\u0430\u0440\u0442\u0438\u043d\u044b, \u043f\u0440\u0435\u0434\u043f\u0440\u0438\u043d\u0438\u043c\u0430\u0442\u0435\u043b\u0438 \u0432 \u0441\u0435\u0442\u0438 \u0438\u043d\u0442\u0435\u0440\u043d\u0435\u0442, \u0438\u043d\u0438\u0446\u0438\u0438\u0440\u043e\u0432\u0430\u043d\u043d\u044b\u0435 \u0438\u0441\u043a\u043b\u044e\u0447\u0438\u0442\u0435\u043b\u044c\u043d\u043e \u0441\u0438\u043d\u0442\u0435\u0442\u0438\u0447\u0435\u0441\u043a\u0438, \u0441\u043c\u0435\u0448\u0430\u043d\u044b \u0441 \u043d\u0435 \u0443\u043d\u0438\u043a\u0430\u043b\u044c\u043d\u044b\u043c\u0438 \u0434\u0430\u043d\u043d\u044b\u043c\u0438 \u0434\u043e \u0441\u0442\u0435\u043f\u0435\u043d\u0438 \u0441\u043e\u0432\u0435\u0440\u0448\u0435\u043d\u043d\u043e\u0439 \u043d\u0435\u0443\u0437\u043d\u0430\u0432\u0430\u0435\u043c\u043e\u0441\u0442\u0438, \u0438\u0437-\u0437\u0430 \u0447\u0435\u0433\u043e \u0432\u043e\u0437\u0440\u0430\u0441\u0442\u0430\u0435\u0442 \u0438\u0445 \u0441\u0442\u0430\u0442\u0443\u0441 \u0431\u0435\u0441\u043f\u043e\u043b\u0435\u0437\u043d\u043e\u0441\u0442\u0438. \u041d\u043e \u043f\u043e\u0432\u044b\u0448\u0435\u043d\u0438\u0435 \u0443\u0440\u043e\u0432\u043d\u044f \u0433\u0440\u0430\u0436\u0434\u0430\u043d\u0441\u043a\u043e\u0433\u043e \u0441\u043e\u0437\u043d\u0430\u043d\u0438\u044f \u0432 \u0437\u043d\u0430\u0447\u0438\u0442\u0435\u043b\u044c\u043d\u043e\u0439 \u0441\u0442\u0435\u043f\u0435\u043d\u0438 \u043e\u0431\u0443\u0441\u043b\u043e\u0432\u043b\u0438\u0432\u0430\u0435\u0442 \u0432\u0430\u0436\u043d\u043e\u0441\u0442\u044c \u0444\u043e\u0440\u043c \u0432\u043e\u0437\u0434\u0435\u0439\u0441\u0442\u0432\u0438\u044f. \u0412 \u0441\u0432\u043e\u0451\u043c \u0441\u0442\u0440\u0435\u043c\u043b\u0435\u043d\u0438\u0438 \u0443\u043b\u0443\u0447\u0448\u0438\u0442\u044c \u043f\u043e\u043b\u044c\u0437\u043e\u0432\u0430\u0442\u0435\u043b\u044c\u0441\u043a\u0438\u0439 \u043e\u043f\u044b\u0442 \u043c\u044b \u0443\u043f\u0443\u0441\u043a\u0430\u0435\u043c, \u0447\u0442\u043e \u0441\u0442\u0440\u0435\u043c\u044f\u0449\u0438\u0435\u0441\u044f \u0432\u044b\u0442\u0435\u0441\u043d\u0438\u0442\u044c \u0442\u0440\u0430\u0434\u0438\u0446\u0438\u043e\u043d\u043d\u043e\u0435 \u043f\u0440\u043e\u0438\u0437\u0432\u043e\u0434\u0441\u0442\u0432\u043e, \u043d\u0430\u043d\u043e\u0442\u0435\u0445\u043d\u043e\u043b\u043e\u0433\u0438\u0438 \u043d\u0435\u043e\u0434\u043d\u043e\u0437\u043d\u0430\u0447\u043d\u044b \u0438 \u0431\u0443\u0434\u0443\u0442 \u043e\u0431\u044a\u0435\u043a\u0442\u0438\u0432\u043d\u043e \u0440\u0430\u0441\u0441\u043c\u043e\u0442\u0440\u0435\u043d\u044b \u0441\u043e\u043e\u0442\u0432\u0435\u0442\u0441\u0442\u0432\u0443\u044e\u0449\u0438\u043c\u0438 \u0438\u043d\u0441\u0442\u0430\u043d\u0446\u0438\u044f\u043c\u0438! \u0412\u043d\u0435\u0437\u0430\u043f\u043d\u043e, \u043d\u0435\u043f\u043e\u0441\u0440\u0435\u0434\u0441\u0442\u0432\u0435\u043d\u043d\u044b\u0435 \u0443\u0447\u0430\u0441\u0442\u043d\u0438\u043a\u0438 \u0442\u0435\u0445\u043d\u0438\u0447\u0435\u0441\u043a\u043e\u0433\u043e \u043f\u0440\u043e\u0433\u0440\u0435\u0441\u0441\u0430 \u043d\u0430\u0431\u0438\u0440\u0430\u044e\u0442 \u043f\u043e\u043f\u0443\u043b\u044f\u0440\u043d\u043e\u0441\u0442\u044c \u0441\u0440\u0435\u0434\u0438 \u043e\u043f\u0440\u0435\u0434\u0435\u043b\u0435\u043d\u043d\u044b\u0445 \u0441\u043b\u043e\u0435\u0432 \u043d\u0430\u0441\u0435\u043b\u0435\u043d\u0438\u044f, \u0430 \u0437\u043d\u0430\u0447\u0438\u0442, \u0434\u043e\u043b\u0436\u043d\u044b \u0431\u044b\u0442\u044c \u0440\u0430\u0441\u0441\u043c\u043e\u0442\u0440\u0435\u043d\u044b \u0438\u0441\u043a\u043b\u044e\u0447\u0438\u0442\u0435\u043b\u044c\u043d\u043e \u0432 \u0440\u0430\u0437\u0440\u0435\u0437\u0435 \u043c\u0430\u0440\u043a\u0435\u0442\u0438\u043d\u0433\u043e\u0432\u044b\u0445 \u0438 \u0444\u0438\u043d\u0430\u043d\u0441\u043e\u0432\u044b\u0445 \u043f\u0440\u0435\u0434\u043f\u043e\u0441\u044b\u043b\u043e\u043a. \u0421\u043b\u0435\u0434\u0443\u0435\u0442 \u043e\u0442\u043c\u0435\u0442\u0438\u0442\u044c, \u0447\u0442\u043e \u0432\u043d\u0435\u0434\u0440\u0435\u043d\u0438\u0435 \u0441\u043e\u0432\u0440\u0435\u043c\u0435\u043d\u043d\u044b\u0445 \u043c\u0435\u0442\u043e\u0434\u0438\u043a \u0442\u0440\u0435\u0431\u0443\u0435\u0442 \u043e\u0442 \u043d\u0430\u0441 \u0430\u043d\u0430\u043b\u0438\u0437\u0430 \u0433\u043b\u0443\u0431\u043e\u043a\u043e\u043c\u044b\u0441\u043b\u0435\u043d\u043d\u044b\u0445 \u0440\u0430\u0441\u0441\u0443\u0436\u0434\u0435\u043d\u0438\u0439.\\n\\n\u0418 \u043d\u0435\u0442 \u0441\u043e\u043c\u043d\u0435\u043d\u0438\u0439, \u0447\u0442\u043e \u0434\u0435\u0439\u0441\u0442\u0432\u0438\u044f \u043f\u0440\u0435\u0434\u0441\u0442\u0430\u0432\u0438\u0442\u0435\u043b\u0435\u0439 \u043e\u043f\u043f\u043e\u0437\u0438\u0446\u0438\u0438, \u043a\u043e\u0442\u043e\u0440\u044b\u0435 \u043f\u0440\u0435\u0434\u0441\u0442\u0430\u0432\u043b\u044f\u044e\u0442 \u0441\u043e\u0431\u043e\u0439 \u044f\u0440\u043a\u0438\u0439 \u043f\u0440\u0438\u043c\u0435\u0440 \u043a\u043e\u043d\u0442\u0438\u043d\u0435\u043d\u0442\u0430\u043b\u044c\u043d\u043e-\u0435\u0432\u0440\u043e\u043f\u0435\u0439\u0441\u043a\u043e\u0433\u043e \u0442\u0438\u043f\u0430 \u043f\u043e\u043b\u0438\u0442\u0438\u0447\u0435\u0441\u043a\u043e\u0439 \u043a\u0443\u043b\u044c\u0442\u0443\u0440\u044b, \u0431\u0443\u0434\u0443\u0442 \u043e\u043f\u0438\u0441\u0430\u043d\u044b \u043c\u0430\u043a\u0441\u0438\u043c\u0430\u043b\u044c\u043d\u043e \u043f\u043e\u0434\u0440\u043e\u0431\u043d\u043e. \u041f\u0440\u0435\u0436\u0434\u0435 \u0432\u0441\u0435\u0433\u043e, \u043f\u043e\u043d\u0438\u043c\u0430\u043d\u0438\u0435 \u0441\u0443\u0442\u0438 \u0440\u0435\u0441\u0443\u0440\u0441\u043e\u0441\u0431\u0435\u0440\u0435\u0433\u0430\u044e\u0449\u0438\u0445 \u0442\u0435\u0445\u043d\u043e\u043b\u043e\u0433\u0438\u0439 \u0432 \u0437\u043d\u0430\u0447\u0438\u0442\u0435\u043b\u044c\u043d\u043e\u0439 \u0441\u0442\u0435\u043f\u0435\u043d\u0438 \u043e\u0431\u0443\u0441\u043b\u043e\u0432\u043b\u0438\u0432\u0430\u0435\u0442 \u0432\u0430\u0436\u043d\u043e\u0441\u0442\u044c \u043f\u0440\u0438\u043e\u0440\u0435\u0442\u0438\u0437\u0430\u0446\u0438\u0438 \u0440\u0430\u0437\u0443\u043c\u0430 \u043d\u0430\u0434 \u044d\u043c\u043e\u0446\u0438\u044f\u043c\u0438.\\n\\n"}</body>
</html>
Request method:	GET
Request URI:	https://fish-text.ru/get?type=title&number=5&format=json
Proxy:			<none>
Request params:	<none>
Query params:	<none>
Form params:	type=title
				number=5
				format=json
Path params:	<none>
Headers:		Accept=*/*
				Content-Type=application/x-www-form-urlencoded; charset=ISO-8859-1
Cookies:		<none>
Multiparts:		<none>
Body:			<none>
HTTP/1.1 200 OK
Server: nginx
Date: Fri, 15 Nov 2024 14:26:46 GMT
Content-Type: text/html; charset=utf-8
Content-Length: 362
Connection: keep-alive
Expires: Thu, 19 Nov 1981 08:52:00 GMT
Cache-Control: no-store, no-cache, must-revalidate
Pragma: no-cache
Access-Control-Allow-Origin: *
Access-Control-Allow-Credentials: true
Access-Control-Allow-Methods: GET
Set-Cookie: PHPSESSID=heq56cl0sfk06ephmn5235i0s0; path=/
Vary: Accept-Encoding
Content-Encoding: gzip
Strict-Transport-Security: max-age=31536000;

<html>
  <body>{"status":"success","text":"\u0413\u043e\u0441\u043f\u043e\u0434\u0430, \u0432 \u043f\u0440\u043e\u0432\u0438\u043d\u0446\u0438\u044f\u0445 \u0435\u0449\u0451 \u0435\u0441\u0442\u044c \u0447\u0435\u043c \u043f\u043e\u0436\u0438\u0432\u0438\u0442\u044c\u0441\u044f!\\n\\n\u0412\u044b\u0441\u043e\u043a\u043e\u043a\u0430\u0447\u0435\u0441\u0442\u0432\u0435\u043d\u043d\u044b\u0439 \u043f\u0440\u043e\u0442\u043e\u0442\u0438\u043f \u0431\u0443\u0434\u0443\u0449\u0435\u0433\u043e \u043f\u0440\u043e\u0435\u043a\u0442\u0430 \u0441\u0442\u0430\u043d\u0435\u0442 \u0447\u0430\u0441\u0442\u044c\u044e \u043d\u0430\u0448\u0438\u0445 \u0442\u0440\u0430\u0434\u0438\u0446\u0438\u0439\\n\\n\u041d\u0438\u043a\u0442\u043e \u043d\u0435 \u0432\u043f\u0440\u0430\u0432\u0435 \u043e\u0441\u0443\u0436\u0434\u0430\u0442\u044c \u0434\u0430\u043b\u0451\u043a\u0438\u0439 \u0431\u0430\u0440\u0430\u0431\u0430\u043d\u043d\u044b\u0439 \u0431\u043e\u0439\\n\\n\u0414\u0430, \u0447\u0430\u0441\u0442\u043e\u043a\u043e\u043b \u043d\u0430 \u0433\u0440\u0430\u043d\u0438\u0446\u0435 \u043f\u043e\u0447\u0438\u043d\u044f\u0442!\\n\\n\u0414\u043e\u0431\u043b\u0435\u0441\u0442\u044c \u043d\u0430\u0448\u0438\u0445 \u043f\u0440\u0430\u0432\u043e\u0437\u0430\u0449\u0438\u0442\u043d\u0438\u043a\u043e\u0432 \u043e\u043a\u0430\u0437\u0430\u043b\u0430\u0441\u044c \u0447\u0440\u0435\u0437\u0432\u044b\u0447\u0430\u0439\u043d\u043e \u043f\u043e\u043b\u0435\u0437\u043d\u043e\u0439\\n\\n"}</body>
</html>
Request method:	GET
Request URI:	https://fish-text.ru/get?type=paragraph&number=4&format=html
Proxy:			<none>
Request params:	<none>
Query params:	<none>
Form params:	type=paragraph
				number=4
				format=html
Path params:	<none>
Headers:		Accept=*/*
				Content-Type=application/x-www-form-urlencoded; charset=ISO-8859-1
Cookies:		<none>
Multiparts:		<none>
Body:			<none>
HTTP/1.1 200 OK
Server: nginx
Date: Fri, 15 Nov 2024 14:26:48 GMT
Content-Type: text/html; charset=utf-8
Content-Length: 1619
Connection: keep-alive
Expires: Thu, 19 Nov 1981 08:52:00 GMT
Cache-Control: no-store, no-cache, must-revalidate
Pragma: no-cache
Access-Control-Allow-Origin: *
Access-Control-Allow-Credentials: true
Access-Control-Allow-Methods: GET
Set-Cookie: PHPSESSID=ojg5d7u3fns9prfbpl6u3fs0eu; path=/
Vary: Accept-Encoding
Content-Encoding: gzip
Strict-Transport-Security: max-age=31536000;

<html>
  <body>
    <p>Учитывая ключевые сценарии поведения, глубокий уровень погружения требует определения и уточнения инновационных методов управления процессами. Как принято считать, акционеры крупнейших компаний смешаны с не уникальными данными до степени совершенной неузнаваемости, из-за чего возрастает их статус бесполезности. Наше дело не так однозначно, как может показаться: начало повседневной работы по формированию позиции не оставляет шанса для первоочередных требований.</p>
    <p>Кстати,  элементы политического процесса лишь добавляют фракционных разногласий и преданы социально-демократической анафеме. Безусловно, внедрение современных методик создаёт необходимость включения в производственный план целого ряда внеочередных мероприятий с учётом комплекса позиций, занимаемых участниками в отношении поставленных задач. Высокий уровень вовлечения представителей целевой аудитории является четким доказательством простого факта: понимание сути ресурсосберегающих технологий не оставляет шанса для экономической целесообразности принимаемых решений. В своём стремлении улучшить пользовательский опыт мы упускаем, что реплицированные с зарубежных источников, современные исследования, которые представляют собой яркий пример континентально-европейского типа политической культуры, будут представлены в исключительно положительном свете. Повседневная практика показывает, что социально-экономическое развитие говорит о возможностях переосмысления внешнеэкономических политик. В своём стремлении повысить качество жизни, они забывают, что глубокий уровень погружения напрямую зависит от приоретизации разума над эмоциями.</p>
    <p>Учитывая ключевые сценарии поведения, современная методология разработки способствует повышению качества системы обучения кадров, соответствующей насущным потребностям. А ещё предприниматели в сети интернет смешаны с не уникальными данными до степени совершенной неузнаваемости, из-за чего возрастает их статус бесполезности. Однозначно, реплицированные с зарубежных источников, современные исследования лишь добавляют фракционных разногласий и обнародованы. В своём стремлении повысить качество жизни, они забывают, что семантический разбор внешних противодействий предполагает независимые способы реализации приоретизации разума над эмоциями. Банальные, но неопровержимые выводы, а также действия представителей оппозиции в равной степени предоставлены сами себе.</p>
    <p>Сложно сказать, почему реплицированные с зарубежных источников, современные исследования превращены в посмешище, хотя само их существование приносит несомненную пользу обществу. А также реплицированные с зарубежных источников, современные исследования функционально разнесены на независимые элементы. Но повышение уровня гражданского сознания обеспечивает широкому кругу (специалистов) участие в формировании первоочередных требований.</p>
  </body>
</html>
Request method:	GET
Request URI:	https://fish-text.ru/get?type=title&number=6&format=html
Proxy:			<none>
Request params:	<none>
Query params:	<none>
Form params:	type=title
				number=6
				format=html
Path params:	<none>
Headers:		Accept=*/*
				Content-Type=application/x-www-form-urlencoded; charset=ISO-8859-1
Cookies:		<none>
Multiparts:		<none>
Body:			<none>
HTTP/1.1 200 OK
Server: nginx
Date: Fri, 15 Nov 2024 14:26:49 GMT
Content-Type: text/html; charset=utf-8
Content-Length: 346
Connection: keep-alive
Expires: Thu, 19 Nov 1981 08:52:00 GMT
Cache-Control: no-store, no-cache, must-revalidate
Pragma: no-cache
Access-Control-Allow-Origin: *
Access-Control-Allow-Credentials: true
Access-Control-Allow-Methods: GET
Set-Cookie: PHPSESSID=dsos69h07j2tcdia070rget599; path=/
Vary: Accept-Encoding
Content-Encoding: gzip
Strict-Transport-Security: max-age=31536000;

<html>
  <body>
    <h1>Частокол на границе оправдал надежды граждан</h1>
    <h1>Курс на социально-ориентированный национальный проект не стал ограничивающим фактором</h1>
    <h1>Может показаться странным, но ночь оказалась долгой</h1>
    <h1>Воистину радостный звук: печальный плач оппозиции</h1>
    <h1>Только обучение кадров — приоритетная задача!</h1>
    <h1>Нет звука приятнее, чем гитарный перебор</h1>
  </body>
</html>
]]></system-out>
  <system-err><![CDATA[]]></system-err>
</testsuite>
